<?xml version="1.0" encoding="UTF-8"?>
<testng-results ignored="0" total="1" passed="1" failed="0" skipped="0">
  <reporter-output>
  </reporter-output>
  <suite started-at="2026-03-24T22:37:05 IST" name="Surefire suite" finished-at="2026-03-24T22:38:13 IST" duration-ms="68611">
    <groups>
    </groups>
    <test started-at="2026-03-24T22:37:05 IST" name="Surefire test" finished-at="2026-03-24T22:38:13 IST" duration-ms="68611">
      <class name="LoginTest">
        <test-method signature="validLogin()[pri:0, instance:LoginTest@1460a8c0]" started-at="2026-03-24T22:37:05 IST" name="validLogin" finished-at="2026-03-24T22:38:13 IST" duration-ms="68547" status="PASS">
          <reporter-output>
          </reporter-output>
        </test-method> <!-- validLogin -->
      </class> <!-- LoginTest -->
    </test> <!-- Surefire test -->
  </suite> <!-- Surefire suite -->
</testng-results>
